0 info it worked if it ends with ok
1 verbose cli [ 'F:\\Program Files\\node.js\\\\node.exe',
1 verbose cli   'F:\\Program Files\\node.js\\node_modules\\npm\\bin\\npm-cli.js',
1 verbose cli   'start' ]
2 info using npm@1.4.28
3 info using node@v0.10.32
4 verbose node symlink F:\Program Files\node.js\\node.exe
5 error Error: ENOENT, open 'F:\Hussein Salemwalla\Documents\Development\budget\package.json'
6 error If you need help, you may report this *entire* log,
6 error including the npm and node versions, at:
6 error     <http://github.com/npm/npm/issues>
7 error System Windows_NT 6.1.7601
8 error command "F:\\Program Files\\node.js\\\\node.exe" "F:\\Program Files\\node.js\\node_modules\\npm\\bin\\npm-cli.js" "start"
9 error cwd F:\Hussein Salemwalla\Documents\Development\budget
10 error node -v v0.10.32
11 error npm -v 1.4.28
12 error path F:\Hussein Salemwalla\Documents\Development\budget\package.json
13 error code ENOENT
14 error errno 34
15 verbose exit [ 34, true ]
