0 info it worked if it ends with ok
1 verbose cli [ 'F:\\Program Files\\node.js\\\\node.exe',
1 verbose cli   'F:\\Program Files\\node.js\\node_modules\\npm\\bin\\npm-cli.js',
1 verbose cli   'install' ]
2 info using npm@1.4.28
3 info using node@v0.10.32
4 verbose node symlink F:\Program Files\node.js\\node.exe
5 verbose readDependencies using package.json deps
6 verbose install where, deps [ 'F:\\Hussein Salemwalla\\Documents\\Development\\budget\\budget',
6 verbose install   [ 'body-parser',
6 verbose install     'cookie-parser',
6 verbose install     'debug',
6 verbose install     'ejs',
6 verbose install     'express',
6 verbose install     'morgan',
6 verbose install     'request',
6 verbose install     'serve-favicon',
6 verbose install     'sqlite3' ] ]
7 info preinstall budget@0.0.0
8 verbose readDependencies using package.json deps
9 verbose already installed skipping body-parser@~1.8.1 F:\Hussein Salemwalla\Documents\Development\budget\budget
10 verbose already installed skipping cookie-parser@~1.3.3 F:\Hussein Salemwalla\Documents\Development\budget\budget
11 verbose already installed skipping debug@~2.0.0 F:\Hussein Salemwalla\Documents\Development\budget\budget
12 verbose already installed skipping ejs@~0.8.5 F:\Hussein Salemwalla\Documents\Development\budget\budget
13 verbose already installed skipping express@~4.9.0 F:\Hussein Salemwalla\Documents\Development\budget\budget
14 verbose already installed skipping morgan@~1.3.0 F:\Hussein Salemwalla\Documents\Development\budget\budget
15 verbose already installed skipping request@^2.44.0 F:\Hussein Salemwalla\Documents\Development\budget\budget
16 verbose already installed skipping serve-favicon@~2.1.3 F:\Hussein Salemwalla\Documents\Development\budget\budget
17 verbose cache add [ 'sqlite3@~3.0.0', null ]
18 verbose cache add name=undefined spec="sqlite3@~3.0.0" args=["sqlite3@~3.0.0",null]
19 verbose parsed url { protocol: null,
19 verbose parsed url   slashes: null,
19 verbose parsed url   auth: null,
19 verbose parsed url   host: null,
19 verbose parsed url   port: null,
19 verbose parsed url   hostname: null,
19 verbose parsed url   hash: null,
19 verbose parsed url   search: null,
19 verbose parsed url   query: null,
19 verbose parsed url   pathname: 'sqlite3@~3.0.0',
19 verbose parsed url   path: 'sqlite3@~3.0.0',
19 verbose parsed url   href: 'sqlite3@~3.0.0' }
20 verbose cache add name="sqlite3" spec="~3.0.0" args=["sqlite3","~3.0.0"]
21 verbose parsed url { protocol: null,
21 verbose parsed url   slashes: null,
21 verbose parsed url   auth: null,
21 verbose parsed url   host: null,
21 verbose parsed url   port: null,
21 verbose parsed url   hostname: null,
21 verbose parsed url   hash: null,
21 verbose parsed url   search: null,
21 verbose parsed url   query: null,
21 verbose parsed url   pathname: '~3.0.0',
21 verbose parsed url   path: '~3.0.0',
21 verbose parsed url   href: '~3.0.0' }
22 verbose addNamed [ 'sqlite3', '~3.0.0' ]
23 verbose addNamed [ null, '>=3.0.0-0 <3.1.0-0' ]
24 silly lockFile aae7c44a-sqlite3-3-0-0 sqlite3@~3.0.0
25 verbose lock sqlite3@~3.0.0 C:\Users\Hussein\AppData\Roaming\npm-cache\aae7c44a-sqlite3-3-0-0.lock
26 silly addNameRange { name: 'sqlite3', range: '>=3.0.0-0 <3.1.0-0', hasData: false }
27 verbose request where is /sqlite3
28 verbose request registry https://registry.npmjs.org/
29 verbose request id 972cd5aeebb1d60b
30 verbose url raw /sqlite3
31 verbose url resolving [ 'https://registry.npmjs.org/', './sqlite3' ]
32 verbose url resolved https://registry.npmjs.org/sqlite3
33 verbose request where is https://registry.npmjs.org/sqlite3
34 info trying registry request attempt 1 at 17:33:28
35 http GET https://registry.npmjs.org/sqlite3
36 http 200 https://registry.npmjs.org/sqlite3
37 silly registry.get cb [ 200,
37 silly registry.get   { date: 'Sat, 20 Sep 2014 21:33:15 GMT',
37 silly registry.get     server: 'CouchDB/1.5.0 (Erlang OTP/R16B03)',
37 silly registry.get     etag: '"87REKB3PH76NEQLY5S6U5Z8GM"',
37 silly registry.get     'content-type': 'application/json',
37 silly registry.get     'cache-control': 'max-age=60',
37 silly registry.get     'content-length': '91421',
37 silly registry.get     'accept-ranges': 'bytes',
37 silly registry.get     via: '1.1 varnish',
37 silly registry.get     age: '817',
37 silly registry.get     'x-served-by': 'cache-at52-ATL',
37 silly registry.get     'x-cache': 'MISS',
37 silly registry.get     'x-cache-hits': '0',
37 silly registry.get     'x-timer': 'S1411248795.505958,VS0,VE104',
37 silly registry.get     vary: 'Accept',
37 silly registry.get     'keep-alive': 'timeout=10, max=50',
37 silly registry.get     connection: 'Keep-Alive' } ]
38 silly addNameRange number 2 { name: 'sqlite3', range: '>=3.0.0-0 <3.1.0-0', hasData: true }
39 silly addNameRange versions [ 'sqlite3',
39 silly addNameRange   [ '2.0.0',
39 silly addNameRange     '2.0.1',
39 silly addNameRange     '2.0.2',
39 silly addNameRange     '2.0.3',
39 silly addNameRange     '2.0.4',
39 silly addNameRange     '2.0.5',
39 silly addNameRange     '2.0.6',
39 silly addNameRange     '2.0.7',
39 silly addNameRange     '2.0.8',
39 silly addNameRange     '2.0.9',
39 silly addNameRange     '2.0.10',
39 silly addNameRange     '2.0.11',
39 silly addNameRange     '2.0.12',
39 silly addNameRange     '2.0.13',
39 silly addNameRange     '2.0.14',
39 silly addNameRange     '2.0.15',
39 silly addNameRange     '2.0.16',
39 silly addNameRange     '2.0.17',
39 silly addNameRange     '2.0.18',
39 silly addNameRange     '2.1.0',
39 silly addNameRange     '2.1.1',
39 silly addNameRange     '2.1.2',
39 silly addNameRange     '2.1.3',
39 silly addNameRange     '2.1.4',
39 silly addNameRange     '2.1.5',
39 silly addNameRange     '2.1.7',
39 silly addNameRange     '2.1.8',
39 silly addNameRange     '2.1.9',
39 silly addNameRange     '2.1.10',
39 silly addNameRange     '2.1.11',
39 silly addNameRange     '2.1.12',
39 silly addNameRange     '2.1.13',
39 silly addNameRange     '2.1.14',
39 silly addNameRange     '2.1.15',
39 silly addNameRange     '2.1.16',
39 silly addNameRange     '2.1.17',
39 silly addNameRange     '2.1.18',
39 silly addNameRange     '2.1.19',
39 silly addNameRange     '2.2.0',
39 silly addNameRange     '2.2.1',
39 silly addNameRange     '2.2.2',
39 silly addNameRange     '2.2.3',
39 silly addNameRange     '2.2.4',
39 silly addNameRange     '2.2.6',
39 silly addNameRange     '2.2.7' ] ]
40 silly lockFile aae7c44a-sqlite3-3-0-0 sqlite3@~3.0.0
41 silly lockFile aae7c44a-sqlite3-3-0-0 sqlite3@~3.0.0
42 error notarget No compatible version found: sqlite3@'>=3.0.0-0 <3.1.0-0'
42 error notarget Valid install targets:
42 error notarget ["2.0.0","2.0.1","2.0.2","2.0.3","2.0.4","2.0.5","2.0.6","2.0.7","2.0.8","2.0.9","2.0.10","2.0.11","2.0.12","2.0.13","2.0.14","2.0.15","2.0.16","2.0.17","2.0.18","2.1.0","2.1.1","2.1.2","2.1.3","2.1.4","2.1.5","2.1.7","2.1.8","2.1.9","2.1.10","2.1.11","2.1.12","2.1.13","2.1.14","2.1.15","2.1.16","2.1.17","2.1.18","2.1.19","2.2.0","2.2.1","2.2.2","2.2.3","2.2.4","2.2.6","2.2.7"]
42 error notarget
42 error notarget This is most likely not a problem with npm itself.
42 error notarget In most cases you or one of your dependencies are requesting
42 error notarget a package version that doesn't exist.
43 error System Windows_NT 6.1.7601
44 error command "F:\\Program Files\\node.js\\\\node.exe" "F:\\Program Files\\node.js\\node_modules\\npm\\bin\\npm-cli.js" "install"
45 error cwd F:\Hussein Salemwalla\Documents\Development\budget\budget
46 error node -v v0.10.32
47 error npm -v 1.4.28
48 error code ETARGET
49 verbose exit [ 1, true ]
